[Tue Dec  3 23:35:43 2024
] Operation: List Directory | Status: Started
[Tue Dec  3 23:35:43 2024
] Operation: List Directory | Status: Completed
[Tue Dec  3 23:36:06 2024
] Operation: Exit Program | Status: Completed
[Tue Dec  3 23:39:14 2024
] Operation: Create File | Status: Started
[Tue Dec  3 23:39:14 2024
] Operation: Create File | Status: Completed
[Tue Dec  3 23:39:53 2024
] Operation: Delete File/Folder | Status: Started
[Tue Dec  3 23:39:53 2024
] Operation: Delete File/Folder | Status: Completed
[Tue Dec  3 23:45:55 2024
] Operation: Exit Program | Status: Completed
[Wed Dec  4 14:00:46 2024
] Operation: Exit Program | Status: Completed
[Wed Dec  4 14:06:08 2024
] Operation: Create File | Status: Started
[Wed Dec  4 14:06:08 2024
] Operation: Create File | Status: Completed
[Wed Dec  4 14:07:18 2024
] Operation: Create File | Status: Started
[Wed Dec  4 14:07:18 2024
] Operation: Create File | Status: Completed
[Wed Dec  4 14:07:22 2024
] Operation: Create File | Status: Started
[Wed Dec  4 14:07:22 2024
] Operation: Create File | Status: Completed
[Wed Dec  4 14:07:42 2024
] Operation: Create File | Status: Started
[Wed Dec  4 14:07:42 2024
] Operation: Create File | Status: Completed
[Wed Dec  4 14:08:03 2024
] Operation: Delete File/Folder | Status: Started
[Wed Dec  4 14:08:03 2024
] Operation: Delete File/Folder | Status: Completed
[Wed Dec  4 14:09:23 2024
] Operation: Exit Program | Status: Completed
[Tue Dec 10 15:45:56 2024
] Operation: Create File | Status: Started
[Tue Dec 10 15:45:56 2024
] Operation: Create File | Status: Completed
[Tue Dec 10 15:46:14 2024
] Operation: Open File | Status: Started
[Tue Dec 10 15:46:14 2024
] Operation: Open File | Status: Completed
[Tue Dec 10 15:46:42 2024
] Operation: Write to File | Status: Started
[Tue Dec 10 15:46:42 2024
] Operation: Write to File | Status: Completed
[Tue Dec 10 15:46:59 2024
] Operation: Read File | Status: Started
[Tue Dec 10 15:46:59 2024
] Operation: Read File | Status: Completed
[Tue Dec 10 15:47:32 2024
] Operation: Delete File/Folder | Status: Started
[Tue Dec 10 15:47:32 2024
] Operation: Delete File/Folder | Status: Completed
[Tue Dec 10 15:47:44 2024
] Operation: Exit Program | Status: Completed
[Sun Dec 22 23:51:40 2024
] Operation: List Directory | Status: Started
[Sun Dec 22 23:51:40 2024
] Operation: List Directory | Status: Completed
[Sun Dec 22 23:55:18 2024
] Operation: Open File | Status: Started
[Sun Dec 22 23:55:18 2024
] Operation: Open File | Status: Completed
[Sun Dec 22 23:55:34 2024
] Operation: Open File | Status: Started
[Sun Dec 22 23:55:34 2024
] Operation: Open File | Status: Completed
[Sun Dec 22 23:56:43 2024
] Operation: Open File | Status: Started
[Sun Dec 22 23:56:43 2024
] Operation: Open File | Status: Completed
[Sun Dec 22 23:57:01 2024
] Operation: Open File | Status: Started
[Sun Dec 22 23:57:01 2024
] Operation: Open File | Status: Completed
[Sun Dec 22 23:57:56 2024
] Operation: Open File | Status: Started
[Sun Dec 22 23:57:56 2024
] Operation: Open File | Status: Completed
[Sun Dec 22 23:58:24 2024
] Operation: Open File | Status: Started
[Sun Dec 22 23:58:24 2024
] Operation: Open File | Status: Completed
[Sun Dec 22 23:58:44 2024
] Operation: Open File | Status: Started
[Sun Dec 22 23:58:44 2024
] Operation: Open File | Status: Completed
[Sun Dec 22 23:59:12 2024
] Operation: Open File | Status: Started
[Sun Dec 22 23:59:12 2024
] Operation: Open File | Status: Completed
[Mon Dec 23 19:54:46 2024
] Operation: Create File | Status: Started
[Mon Dec 23 19:54:46 2024
] Operation: Create File | Status: Completed
[Mon Dec 23 19:55:33 2024
] Operation: Create File | Status: Started
[Mon Dec 23 19:55:33 2024
] Operation: Create File | Status: Completed
[Mon Dec 23 19:55:48 2024
] Operation: Create File | Status: Started
[Mon Dec 23 19:55:48 2024
] Operation: Create File | Status: Completed
[Mon Dec 23 19:56:05 2024
] Operation: Create File | Status: Started
[Mon Dec 23 19:56:05 2024
] Operation: Create File | Status: Completed
[Mon Dec 23 19:59:07 2024
] Operation: Create File | Status: Started
[Mon Dec 23 19:59:07 2024
] Operation: Create File | Status: Completed
[Mon Dec 23 19:59:38 2024
] Operation: Delete File | Status: Started
[Mon Dec 23 19:59:38 2024
] Operation: Delete File | Status: Completed
[Mon Dec 23 20:05:06 2024
] Operation: Open Directory | Status: Started
[Mon Dec 23 20:05:06 2024
] Operation: Open Directory | Status: Completed
[Mon Dec 23 20:05:25 2024
] Operation: Create File | Status: Started
[Mon Dec 23 20:05:25 2024
] Operation: Create File | Status: Completed
[Mon Dec 23 20:06:32 2024
] Operation: Open Directory | Status: Started
[Mon Dec 23 20:06:32 2024
] Operation: Open Directory | Status: Completed
[Mon Dec 23 20:07:02 2024
] Operation: Read Directory | Status: Started
[Mon Dec 23 20:07:02 2024
] Operation: Read Directory | Status: Completed
[Mon Dec 23 20:08:08 2024
] Operation: Delete Folder | Status: Started
[Mon Dec 23 20:08:08 2024
] Operation: Delete Folder | Status: Completed
[Mon Dec 23 20:08:56 2024
] Operation: Open File | Status: Started
[Mon Dec 23 20:08:56 2024
] Operation: Open File | Status: Completed
[Mon Dec 23 20:09:29 2024
] Operation: Open File | Status: Started
[Mon Dec 23 20:09:29 2024
] Operation: Open File | Status: Completed
[Mon Dec 23 20:12:49 2024
] Operation: View Log | Status: Started
[Mon Dec 23 20:12:49 2024
] Operation: View Log | Status: Completed
[Mon Dec 23 20:13:15 2024
] Operation: Exit Program | Status: Completed
[Mon Dec 23 20:22:49 2024
] Operation: Open File | Status: Started
[Mon Dec 23 20:22:52 2024
] Operation: Open File | Status: Completed
[Mon Dec 23 20:23:13 2024
] Operation: Open File | Status: Started
[Mon Dec 23 20:23:15 2024
] Operation: Open File | Status: Completed
[Mon Dec 23 20:23:19 2024
] Operation: Exit Program | Status: Completed
[Mon Dec 23 21:45:06 2024
] Operation: Get File/Folder Info | Status: Started
[Mon Dec 23 21:45:06 2024
] Operation: Get File/Folder Info | Status: Completed
[Mon Dec 23 21:45:45 2024
] Operation: Change Permissions | Status: Started
[Mon Dec 23 21:45:45 2024
] Operation: Change Permissions | Status: Completed
[Mon Dec 23 21:46:02 2024
] Operation: Get File/Folder Info | Status: Started
[Mon Dec 23 21:46:02 2024
] Operation: Get File/Folder Info | Status: Completed
[Mon Dec 23 21:46:14 2024
] Operation: Change Permissions | Status: Started
[Mon Dec 23 21:46:14 2024
] Operation: Change Permissions | Status: Completed
[Mon Dec 23 21:46:53 2024
] Operation: Read File | Status: Started
[Mon Dec 23 21:46:53 2024
] Operation: Read File | Status: Completed
[Mon Dec 23 21:47:26 2024
] Operation: Write to File | Status: Started
[Mon Dec 23 21:47:26 2024
] Operation: Write to File | Status: Completed
[Mon Dec 23 21:47:39 2024
] Operation: Read File | Status: Started
[Mon Dec 23 21:47:39 2024
] Operation: Read File | Status: Completed
[Mon Dec 23 21:48:20 2024
] Operation: Rename/Move File/Folder | Status: Started
[Mon Dec 23 21:48:20 2024
] Operation: Rename/Move File/Folder | Status: Completed
[Mon Dec 23 21:49:24 2024
] Operation: Exit Program | Status: Completed
[Mon Dec 23 21:57:56 2024
] Operation: Create File | Status: Started
[Mon Dec 23 21:57:56 2024
] Operation: Create File | Status: Completed
[Mon Dec 23 21:58:35 2024
] Operation: Write to File | Status: Started
[Mon Dec 23 21:58:35 2024
] Operation: Write to File | Status: Completed
[Mon Dec 23 21:58:55 2024
] Operation: Open File | Status: Started
[Mon Dec 23 21:58:58 2024
] Operation: Open File | Status: Completed
[Mon Dec 23 21:59:10 2024
] Operation: Read File | Status: Started
[Mon Dec 23 21:59:10 2024
] Operation: Read File | Status: Completed
[Mon Dec 23 22:00:07 2024
] Operation: Rename/Move File/Folder | Status: Started
[Mon Dec 23 22:00:07 2024
] Operation: Rename/Move File/Folder | Status: Completed
[Mon Dec 23 22:00:19 2024
] Operation: Get File/Folder Info | Status: Started
[Mon Dec 23 22:00:19 2024
] Operation: Get File/Folder Info | Status: Completed
[Mon Dec 23 22:00:55 2024
] Operation: Change Permissions | Status: Started
[Mon Dec 23 22:00:55 2024
] Operation: Change Permissions | Status: Completed
[Mon Dec 23 22:01:07 2024
] Operation: Get File/Folder Info | Status: Started
[Mon Dec 23 22:01:07 2024
] Operation: Get File/Folder Info | Status: Completed
[Mon Dec 23 22:01:38 2024
] Operation: Change Permissions | Status: Started
[Mon Dec 23 22:01:38 2024
] Operation: Change Permissions | Status: Completed
[Mon Dec 23 22:02:08 2024
] Operation: Get File/Folder Info | Status: Started
[Mon Dec 23 22:02:08 2024
] Operation: Get File/Folder Info | Status: Completed
[Mon Dec 23 22:03:07 2024
] Operation: Delete File | Status: Started
[Mon Dec 23 22:03:07 2024
] Operation: Delete File | Status: Completed
[Mon Dec 23 22:03:22 2024
] Operation: Delete File | Status: Started
[Mon Dec 23 22:03:22 2024
] Operation: Delete File | Status: Completed
[Mon Dec 23 22:03:57 2024
] Operation: Open Directory | Status: Started
[Mon Dec 23 22:03:57 2024
] Operation: Open Directory | Status: Completed
[Mon Dec 23 22:04:11 2024
] Operation: Open Directory | Status: Started
[Mon Dec 23 22:04:11 2024
] Operation: Open Directory | Status: Completed
[Mon Dec 23 22:04:34 2024
] Operation: Read Directory | Status: Started
[Mon Dec 23 22:04:34 2024
] Operation: Read Directory | Status: Completed
[Mon Dec 23 22:04:58 2024
] Operation: View Log | Status: Started
[Mon Dec 23 22:04:58 2024
] Operation: View Log | Status: Completed
[Mon Dec 23 22:05:20 2024
] Operation: Exit Program | Status: Completed
[Mon Dec 23 23:41:08 2024
] Operation: Exit Program | Status: Completed
[Tue Dec 24 22:45:29 2024
] Operation: Exit Program | Status: Completed
[Tue Dec 24 22:46:15 2024
] Operation: Create File | Status: Started
[Tue Dec 24 22:46:15 2024
] Operation: Create File | Status: Completed
[Tue Dec 24 22:46:43 2024
] Operation: Open File | Status: Started
[Tue Dec 24 22:46:48 2024
] Operation: Open File | Status: Completed
[Tue Dec 24 22:47:04 2024
] Operation: Read File | Status: Started
[Tue Dec 24 22:47:04 2024
] Operation: Read File | Status: Completed
[Tue Dec 24 22:47:32 2024
] Operation: Exit Program | Status: Completed
[Wed Dec 25 17:40:08 2024
] Operation: Delete Folder | Status: Started
[Wed Dec 25 17:40:08 2024
] Operation: Delete Folder | Status: Completed
[Wed Dec 25 17:40:23 2024
] Operation: Delete Folder | Status: Started
[Wed Dec 25 17:40:23 2024
] Operation: Delete Folder | Status: Completed
[Wed Dec 25 17:41:06 2024
] Operation: Exit Program | Status: Completed
